app/build/intermediates/manifest_merge_blame_file/debug/processDebugMainManifest/manifest-merger-blame-debug-report.txt
1<?xml version="1.0" encoding="utf-8"?>
2<manifest xmlns:android="http://schemas.android.com/apk/res/android"
3    package="com.bixby.voiceassistant"
4    android:versionCode="2"
5    android:versionName="1.0" >
6
7    <uses-sdk
8        android:minSdkVersion="23"
9        android:targetSdkVersion="35" />
10
11    <uses-permission android:name="android.permission.RECORD_AUDIO" />
11-->src/main/AndroidManifest.xml:5:5-71
11-->src/main/AndroidManifest.xml:5:22-68
12
13    <permission
13-->[androidx.core:core:1.18.0] AndroidManifest.xml:22:5-24:47
14        android:name="com.bixby.voiceassistant.DYNAMIC_RECEIVER_NOT_EXPORTED_PERMISSION"
14-->[androidx.core:core:1.18.0] AndroidManifest.xml:23:9-81
15        android:protectionLevel="signature" />
15-->[androidx.core:core:1.18.0] AndroidManifest.xml:24:9-44
16
17    <uses-permission android:name="com.bixby.voiceassistant.DYNAMIC_RECEIVER_NOT_EXPORTED_PERMISSION" />
17-->[androidx.core:core:1.18.0] AndroidManifest.xml:26:5-97
17-->[androidx.core:core:1.18.0] AndroidManifest.xml:26:22-94
18
19    <application
19-->src/main/AndroidManifest.xml:7:5-24:19
20        android:allowBackup="true"
20-->src/main/AndroidManifest.xml:8:9-35
21        android:appComponentFactory="androidx.core.app.CoreComponentFactory"
21-->[androidx.core:core:1.18.0] AndroidManifest.xml:28:18-86
22        android:debuggable="true"
23        android:extractNativeLibs="false"
24        android:label="Bixby"
24-->src/main/AndroidManifest.xml:9:9-30
25        android:supportsRtl="true"
25-->src/main/AndroidManifest.xml:10:9-35
26        android:theme="@style/Theme.Bixby" >
26-->src/main/AndroidManifest.xml:11:9-43
27        <activity
27-->src/main/AndroidManifest.xml:13:9-22:20
28            android:name="com.bixby.voiceassistant.MainActivity"
28-->src/main/AndroidManifest.xml:14:13-41
29            android:exported="true" >
29-->src/main/AndroidManifest.xml:15:13-36
30            <intent-filter>
30-->src/main/AndroidManifest.xml:17:13-20:29
31                <action android:name="android.intent.action.MAIN" />
31-->src/main/AndroidManifest.xml:18:17-69
31-->src/main/AndroidManifest.xml:18:25-66
32
33                <category android:name="android.intent.category.LAUNCHER" />
33-->src/main/AndroidManifest.xml:19:17-77
33-->src/main/AndroidManifest.xml:19:27-74
34            </intent-filter>
35        </activity>
36
37        <provider
37-->[androidx.profileinstaller:profileinstaller:1.4.0] AndroidManifest.xml:24:9-32:20
38            android:name="androidx.startup.InitializationProvider"
38-->[androidx.profileinstaller:profileinstaller:1.4.0] AndroidManifest.xml:25:13-67
39            android:authorities="com.bixby.voiceassistant.androidx-startup"
39-->[androidx.profileinstaller:profileinstaller:1.4.0] AndroidManifest.xml:26:13-68
40            android:exported="false" >
40-->[androidx.profileinstaller:profileinstaller:1.4.0] AndroidManifest.xml:27:13-37
41            <meta-data
41-->[androidx.profileinstaller:profileinstaller:1.4.0] AndroidManifest.xml:29:13-31:52
42                android:name="androidx.profileinstaller.ProfileInstallerInitializer"
42-->[androidx.profileinstaller:profileinstaller:1.4.0] AndroidManifest.xml:30:17-85
43                android:value="androidx.startup" />
43-->[androidx.profileinstaller:profileinstaller:1.4.0] AndroidManifest.xml:31:17-49
44        </provider>
45
46        <receiver
46-->[androidx.profileinstaller:profileinstaller:1.4.0] AndroidManifest.xml:34:9-52:20
47            android:name="androidx.profileinstaller.ProfileInstallReceiver"
47-->[androidx.profileinstaller:profileinstaller:1.4.0] AndroidManifest.xml:35:13-76
48            android:directBootAware="false"
48-->[androidx.profileinstaller:profileinstaller:1.4.0] AndroidManifest.xml:36:13-44
49            android:enabled="true"
49-->[androidx.profileinstaller:profileinstaller:1.4.0] AndroidManifest.xml:37:13-35
50            android:exported="true"
50-->[androidx.profileinstaller:profileinstaller:1.4.0] AndroidManifest.xml:38:13-36
51            android:permission="android.permission.DUMP" >
51-->[androidx.profileinstaller:profileinstaller:1.4.0] AndroidManifest.xml:39:13-57
52            <intent-filter>
52-->[androidx.profileinstaller:profileinstaller:1.4.0] AndroidManifest.xml:40:13-42:29
53                <action android:name="androidx.profileinstaller.action.INSTALL_PROFILE" />
53-->[androidx.profileinstaller:profileinstaller:1.4.0] AndroidManifest.xml:41:17-91
53-->[androidx.profileinstaller:profileinstaller:1.4.0] AndroidManifest.xml:41:25-88
54            </intent-filter>
55            <intent-filter>
55-->[androidx.profileinstaller:profileinstaller:1.4.0] AndroidManifest.xml:43:13-45:29
56                <action android:name="androidx.profileinstaller.action.SKIP_FILE" />
56-->[androidx.profileinstaller:profileinstaller:1.4.0] AndroidManifest.xml:44:17-85
56-->[androidx.profileinstaller:profileinstaller:1.4.0] AndroidManifest.xml:44:25-82
57            </intent-filter>
58            <intent-filter>
58-->[androidx.profileinstaller:profileinstaller:1.4.0] AndroidManifest.xml:46:13-48:29
59                <action android:name="androidx.profileinstaller.action.SAVE_PROFILE" />
59-->[androidx.profileinstaller:profileinstaller:1.4.0] AndroidManifest.xml:47:17-88
59-->[androidx.profileinstaller:profileinstaller:1.4.0] AndroidManifest.xml:47:25-85
60            </intent-filter>
61            <intent-filter>
61-->[androidx.profileinstaller:profileinstaller:1.4.0] AndroidManifest.xml:49:13-51:29
62                <action android:name="androidx.profileinstaller.action.BENCHMARK_OPERATION" />
62-->[androidx.profileinstaller:profileinstaller:1.4.0] AndroidManifest.xml:50:17-95
62-->[androidx.profileinstaller:profileinstaller:1.4.0] AndroidManifest.xml:50:25-92
63            </intent-filter>
64        </receiver>
65    </application>
66
67</manifest>